./a.out:1: MAJOR:C-O1
./include/tests.h:12: MAJOR:C-F6
./libcuddle.a:1: MAJOR:C-O1
./main.c:1: MINOR:C-G1
./main.c:18: MAJOR:C-F3
./main.c:35: MAJOR:C-F3
./main.c:52: MAJOR:C-F3
./main.c:77: MINOR:C-L3
./main.c:79: MINOR:C-L3
./main.c:79: MINOR:C-V3
./main.c:80: MINOR:C-L3
./main.c:80: MINOR:C-V3
./main.c:81: MINOR:C-L3
./main.c:81: MINOR:C-L6
./main.c:98: MAJOR:C-F3
./main.c:101: INFO:C-A3
./src/df_group_by.c:11: MINOR:C-L3
./src/df_group_by.c:11: MINOR:C-V3
./src/df_group_by.c:13: MINOR:C-L3
./src/df_group_by.c:14: MINOR:C-L3
./src/df_group_by.c:15: MINOR:C-G7
./src/df_group_by.c:15: MINOR:C-L6
./src/df_group_by.c:16: INFO:C-A3
./unit_tests:1: MAJOR:C-O1
